[0.017s] Invoking command in '/home/usr/workspaces/ros2_tobii_glasses2/build/tobii_glasses_pkg': /usr/bin/cmake --build /home/usr/workspaces/ros2_tobii_glasses2/build/tobii_glasses_pkg -- -j8 -l8
[0.045s] -- Found ament_cmake: 0.9.9 (/opt/ros/foxy/share/ament_cmake/cmake)
[0.059s] -- Using PYTHON_EXECUTABLE: /usr/bin/python3
[0.192s] -- Found rclpy: 1.0.8 (/opt/ros/foxy/share/rclpy/cmake)
[0.192s] -- Found std_msgs: 2.0.5 (/opt/ros/foxy/share/std_msgs/cmake)
[0.210s] -- Using all available rosidl_typesupport_c: rosidl_typesupport_fastrtps_c;rosidl_typesupport_introspection_c
[0.213s] -- Found rosidl_adapter: 1.2.1 (/opt/ros/foxy/share/rosidl_adapter/cmake)
[0.316s] -- Using all available rosidl_typesupport_cpp: rosidl_typesupport_fastrtps_cpp;rosidl_typesupport_introspection_cpp
[0.358s] -- Found sensor_msgs: 2.0.5 (/opt/ros/foxy/share/sensor_msgs/cmake)
[0.468s] -- Found cv_bridge: 2.2.1 (/opt/ros/foxy/share/cv_bridge/cmake)
[0.483s] -- Found rosidl_default_generators: 1.0.1 (/opt/ros/foxy/share/rosidl_default_generators/cmake)
[0.492s] CMake Error at CMakeLists.txt:45 (install):
[0.493s]   install DIRECTORY given non-directory "scripts/video_capture.py" to
[0.493s]   install.
[0.493s] 
[0.493s] 
[0.508s] -- Found PythonInterp: /usr/bin/python3 (found version "3.8.10") 
[0.644s] Error parsing '/home/usr/workspaces/ros2_tobii_glasses2/package.xml':
[0.645s] Traceback (most recent call last):
[0.645s]   File "/opt/ros/foxy/share/ament_cmake_core/cmake/core/package_xml_2_cmake.py", line 143, in <module>
[0.645s]     main()
[0.645s]   File "/opt/ros/foxy/share/ament_cmake_core/cmake/core/package_xml_2_cmake.py", line 52, in main
[0.645s]     raise e
[0.645s]   File "/opt/ros/foxy/share/ament_cmake_core/cmake/core/package_xml_2_cmake.py", line 48, in main
[0.645s]     package = parse_package_string(
[0.645s]   File "/usr/lib/python3/dist-packages/catkin_pkg/package.py", line 788, in parse_package_string
[0.645s]     pkg.validate(warnings=warnings)
[0.646s]   File "/usr/lib/python3/dist-packages/catkin_pkg/package.py", line 330, in validate
[0.646s]     raise InvalidPackage('\n'.join(errors), self.filename)
[0.646s] catkin_pkg.package.InvalidPackage: Error(s) in package '/home/usr/workspaces/ros2_tobii_glasses2/package.xml':
[0.646s] Package version "1.0" does not follow version conventions
[0.652s] CMake Error at /opt/ros/foxy/share/ament_cmake_core/cmake/core/ament_package_xml.cmake:94 (message):
[0.652s]   execute_process(/usr/bin/python3
[0.652s]   /opt/ros/foxy/share/ament_cmake_core/cmake/core/package_xml_2_cmake.py
[0.652s]   /home/usr/workspaces/ros2_tobii_glasses2/package.xml
[0.652s]   /home/usr/workspaces/ros2_tobii_glasses2/build/tobii_glasses_pkg/ament_cmake_core/package.cmake)
[0.652s]   returned error code 1
[0.653s] Call Stack (most recent call first):
[0.653s]   /opt/ros/foxy/share/ament_cmake_core/cmake/core/ament_package_xml.cmake:49 (_ament_package_xml)
[0.653s]   /opt/ros/foxy/share/rosidl_cmake/cmake/rosidl_generate_interfaces.cmake:226 (ament_package_xml)
[0.653s]   CMakeLists.txt:52 (rosidl_generate_interfaces)
[0.653s] 
[0.653s] 
[0.655s] -- Configuring incomplete, errors occurred!
[0.655s] See also "/home/usr/workspaces/ros2_tobii_glasses2/build/tobii_glasses_pkg/CMakeFiles/CMakeOutput.log".
[0.661s] make: *** [Makefile:1468: cmake_check_build_system] Error 1
[0.663s] Invoked command in '/home/usr/workspaces/ros2_tobii_glasses2/build/tobii_glasses_pkg' returned '2': /usr/bin/cmake --build /home/usr/workspaces/ros2_tobii_glasses2/build/tobii_glasses_pkg -- -j8 -l8
